#
# A fatal error has been detected by the Java Runtime Environment:
#
#  EXCEPTION_ACCESS_VIOLATION (0xc0000005) at pc=0x0730121b, pid=9424, tid=8328
#
# JRE version: Java(TM) SE Runtime Environment (7.0_51-b13) (build 1.7.0_51-b13)
# Java VM: Java HotSpot(TM) Client VM (24.51-b03 mixed mode, sharing windows-x86 )
# Problematic frame:
# C  [jmddraw.dll+0x121b]
#
# Failed to write core dump. Minidumps are not enabled by default on client versions of Windows
#
# If you would like to submit a bug report, please visit:
#   http://bugreport.sun.com/bugreport/crash.jsp
# The crash happened outside the Java Virtual Machine in native code.
# See problematic frame for where to report the bug.
#

---------------  T H R E A D  ---------------

Current thread (0x0604c000):  JavaThread "JMF thread: com.sun.media.PlaybackEngine@1bf8785[ com.sun.media.PlaybackEngine@1bf8785 ] ( realizeThread)" [_thread_in_native, id=8328, stack(0x07530000,0x07580000)]

siginfo: ExceptionCode=0xc0000005, reading address 0x00000000

Registers:
EAX=0x00000000, EBX=0x349a88a0, ECX=0x0000ff00, EDX=0x0757ebb4
ESP=0x0757eba0, EBP=0x00000000, ESI=0x349a88a0, EDI=0x0604c000
EIP=0x0730121b, EFLAGS=0x00010216

Top of Stack: (sp=0x0757eba0)
0x0757eba0:   0757ebc8 0604c000 349a88a0 349a88a0
0x0757ebb0:   0757ec8c 00000006 000000ff 00000020
0x0757ebc0:   0000ff00 00ff0000 00000000 00000000
0x0757ebd0:   00000000 00000000 00000000 00000000
0x0757ebe0:   0000006c 0004100e 00000300 00000556
0x0757ebf0:   00001558 00000000 0000003c 00000000
0x0757ec00:   00000000 00000000 00000000 00000000
0x0757ec10:   00000000 00000000 00000000 00000000 

Instructions: (pc=0x0730121b)
0x073011fb:   24 20 57 52 8d 54 24 14 89 6c 24 3c 89 6c 24 38
0x0730120b:   89 6c 24 34 89 6c 24 30 89 6c 24 2c 89 6c 24 28
0x0730121b:   8b 08 52 50 ff 51 34 33 c0 8b 4c 24 10 8b b4 24
0x0730122b:   b0 00 00 00 8b bc 24 ac 00 00 00 3b cd 0f 86 98 


Register to memory mapping:

EAX=0x00000000 is an unknown value
EBX=0x349a88a0 is an oop
{method} 
 - klass: {other class}
ECX=0x0000ff00 is an unknown value
EDX=0x0757ebb4 is pointing into the stack for thread: 0x0604c000
ESP=0x0757eba0 is pointing into the stack for thread: 0x0604c000
EBP=0x00000000 is an unknown value
ESI=0x349a88a0 is an oop
{method} 
 - klass: {other class}
EDI=0x0604c000 is a thread


Stack: [0x07530000,0x07580000],  sp=0x0757eba0,  free space=314k
Native frames: (J=compiled Java code, j=interpreted, Vv=VM code, C=native code)
C  [jmddraw.dll+0x121b]

[error occurred during error reporting (printing native stack), id 0xc0000005]

Java frames: (J=compiled Java code, j=interpreted, Vv=VM code)
j  com.sun.media.renderer.video.DDRenderer.dxInitialize()Z+0
j  com.sun.media.renderer.video.DDRenderer.<init>()V+64
v  ~StubRoutines::call_stub
j  sun.reflect.NativeConstructorAccessorImpl.newInstance0(Ljava/lang/reflect/Constructor;[Ljava/lang/Object;)Ljava/lang/Object;+0
j  sun.reflect.NativeConstructorAccessorImpl.newInstance([Ljava/lang/Object;)Ljava/lang/Object;+72
j  sun.reflect.DelegatingConstructorAccessorImpl.newInstance([Ljava/lang/Object;)Ljava/lang/Object;+5
j  java.lang.reflect.Constructor.newInstance([Ljava/lang/Object;)Ljava/lang/Object;+79
j  java.lang.Class.newInstance()Ljava/lang/Object;+132
j  com.sun.media.SimpleGraphBuilder.createPlugIn(Ljava/lang/String;I)Ljavax/media/PlugIn;+6
j  com.sun.media.SimpleGraphBuilder.getPlugInNode(Ljava/lang/String;ILjava/util/Hashtable;)Lcom/sun/media/GraphNode;+27
j  com.sun.media.SimpleGraphBuilder.verifyTargetPlugins(Lcom/sun/media/GraphNode;[Ljavax/media/Format;)Lcom/sun/media/GraphNode;+75
j  com.sun.media.SimpleGraphBuilder.findTarget(Lcom/sun/media/GraphNode;)Lcom/sun/media/GraphNode;+74
j  com.sun.media.SimpleGraphBuilder.doBuildGraph(Ljava/util/Vector;)Lcom/sun/media/GraphNode;+92
j  com.sun.media.SimpleGraphBuilder.buildGraph(Ljava/util/Vector;)Lcom/sun/media/GraphNode;+15
j  com.sun.media.SimpleGraphBuilder.buildGraph(Lcom/sun/media/BasicTrackControl;)Z+124
j  com.sun.media.PlaybackEngine$PlayerTControl.buildTrack(II)Z+41
j  com.sun.media.PlaybackEngine.doRealize1()Z+107
j  com.sun.media.PlaybackEngine.doRealize()Z+1
j  com.sun.media.RealizeWorkThread.process()Z+4
j  com.sun.media.StateTransitionWorkThread.run()V+8
v  ~StubRoutines::call_stub

---------------  P R O C E S S  ---------------

Java Threads: ( => current thread )
  0x0604b400 JavaThread "Progress Slider thread" [_thread_blocked, id=8268, stack(0x09400000,0x09450000)]
  0x06050800 JavaThread "Loop thread: com.sun.media.parser.video.AviParser$VideoTrack@b512cb" [_thread_in_native, id=8468, stack(0x09540000,0x09590000)]
  0x06050000 JavaThread "Loop thread: com.sun.media.renderer.video.DDRenderer@1a531a9" [_thread_blocked, id=12796, stack(0x094b0000,0x09500000)]
  0x0604d000 JavaThread "Image Fetcher 1" daemon [_thread_blocked, id=6292, stack(0x09270000,0x092c0000)]
  0x0604a400 JavaThread "Image Fetcher 0" daemon [_thread_blocked, id=4448, stack(0x07780000,0x077d0000)]
  0x0604b000 JavaThread "Loop thread" [_thread_blocked, id=12800, stack(0x090e0000,0x09130000)]
  0x0604c800 JavaThread "JMF thread: SendEventQueue: com.sun.media.PlaybackEngine" [_thread_blocked, id=11380, stack(0x076c0000,0x07710000)]
  0x0604bc00 JavaThread "JMF thread: SendEventQueue: com.sun.media.content.unknown.Handler" [_thread_blocked, id=5356, stack(0x074a0000,0x074f0000)]
=>0x0604c000 JavaThread "JMF thread: com.sun.media.PlaybackEngine@1bf8785[ com.sun.media.PlaybackEngine@1bf8785 ] ( realizeThread)" [_thread_in_native, id=8328, stack(0x07530000,0x07580000)]
  0x025fb400 JavaThread "JMF thread: com.sun.media.content.unknown.Handler@17a04af[ com.sun.media.content.unknown.Handler@17a04af ] ( realizeThread)" [_thread_blocked, id=5540, stack(0x07410000,0x07460000)]
  0x025fac00 JavaThread "JMF thread: SendEventQueue: com.sun.media.PlaybackEngine" [_thread_blocked, id=1152, stack(0x07380000,0x073d0000)]
  0x025fc800 JavaThread "JMF thread: SendEventQueue: com.sun.media.content.unknown.Handler" [_thread_blocked, id=6220, stack(0x072b0000,0x07300000)]
  0x025fa800 JavaThread "Swing-Shell" daemon [_thread_blocked, id=2504, stack(0x067f0000,0x06840000)]
  0x025fd400 JavaThread "TimerQueue" daemon [_thread_blocked, id=12780, stack(0x06750000,0x067a0000)]
  0x025fcc00 JavaThread "DestroyJavaVM" [_thread_blocked, id=13964, stack(0x00b70000,0x00bc0000)]
  0x025fe000 JavaThread "AWT-EventQueue-0" [_thread_in_Java, id=4908, stack(0x05f60000,0x05fb0000)]
  0x025fc000 JavaThread "AWT-Windows" daemon [_thread_in_native, id=3792, stack(0x04fa0000,0x04ff0000)]
  0x025fb800 JavaThread "AWT-Shutdown" [_thread_blocked, id=6004, stack(0x04f10000,0x04f60000)]
  0x025fd800 JavaThread "Java2D Disposer" daemon [_thread_blocked, id=8140, stack(0x04e80000,0x04ed0000)]
  0x025a1c00 JavaThread "Service Thread" daemon [_thread_blocked, id=5472, stack(0x04a70000,0x04ac0000)]
  0x0258d800 JavaThread "C1 CompilerThread0" daemon [_thread_blocked, id=5204, stack(0x049e0000,0x04a30000)]
  0x0258c800 JavaThread "Attach Listener" daemon [_thread_blocked, id=13264, stack(0x04950000,0x049a0000)]
  0x0258b000 JavaThread "Signal Dispatcher" daemon [_thread_blocked, id=12648, stack(0x048c0000,0x04910000)]
  0x02521800 JavaThread "Finalizer" daemon [_thread_blocked, id=13060, stack(0x04810000,0x04860000)]
  0x0251f800 JavaThread "Reference Handler" daemon [_thread_blocked, id=5404, stack(0x04780000,0x047d0000)]

Other Threads:
  0x0251e400 VMThread [stack: 0x046f0000,0x04740000] [id=13860]
  0x025b6800 WatcherThread [stack: 0x04b00000,0x04b50000] [id=1596]

VM state:not at safepoint (normal execution)

VM Mutex/Monitor currently owned by a thread: None

Heap
 def new generation   total 4928K, used 4380K [0x24620000, 0x24b70000, 0x29b70000)
  eden space 4416K,  87% used [0x24620000, 0x249e7248, 0x24a70000)
  from space 512K, 100% used [0x24af0000, 0x24b70000, 0x24b70000)
  to   space 512K,   0% used [0x24a70000, 0x24a70000, 0x24af0000)
 tenured generation   total 10944K, used 7219K [0x29b70000, 0x2a620000, 0x34620000)
   the space 10944K,  65% used [0x29b70000, 0x2a27ce10, 0x2a27d000, 0x2a620000)
 compacting perm gen  total 12288K, used 3812K [0x34620000, 0x35220000, 0x38620000)
   the space 12288K,  31% used [0x34620000, 0x349d9290, 0x349d9400, 0x35220000)
    ro space 10240K,  41% used [0x38620000, 0x38a52050, 0x38a52200, 0x39020000)
    rw space 12288K,  52% used [0x39020000, 0x39666800, 0x39666800, 0x39c20000)

Card table byte_map: [0x04600000,0x046b0000] byte_map_base: 0x044dcf00

Polling page: 0x00a60000

Code Cache  [0x02600000, 0x02758000, 0x04600000)
 total_blobs=741 nmethods=484 adapters=194 free_code_cache=31411Kb largest_free_block=32164864

Compilation events (10 events):
Event: 7.591 Thread 0x0258d800  456   !         java.net.URL::<init> (543 bytes)
Event: 7.595 Thread 0x0258d800 nmethod 456 0x02741908 code [0x02741c10, 0x02742a98]
Event: 7.597 Thread 0x0258d800  457             com.sun.media.parser.BasicPullParser::readBytes (9 bytes)
Event: 7.598 Thread 0x0258d800 nmethod 457 0x02744d88 code [0x02744e80, 0x02744f2c]
Event: 7.598 Thread 0x0258d800  458   !         java.io.RandomAccessFile::readBytes (68 bytes)
Event: 7.598 Thread 0x0258d800 nmethod 458 0x02744f88 code [0x02745090, 0x0274517c]
Event: 7.599 Thread 0x0258d800  460             java.lang.Integer::parseInt (261 bytes)
Event: 7.600 Thread 0x0258d800 nmethod 460 0x02745208 code [0x02745460, 0x02745d3c]
Event: 7.601 Thread 0x0258d800  461             com.sun.media.parser.BasicPullParser::readInt (126 bytes)
Event: 7.602 Thread 0x0258d800 nmethod 461 0x02746a48 code [0x02746b60, 0x02746d7c]

GC Heap History (8 events):
Event: 0.191 GC heap before
{Heap before GC invocations=0 (full 0):
 def new generation   total 4928K, used 4416K [0x24620000, 0x24b70000, 0x29b70000)
  eden space 4416K, 100% used [0x24620000, 0x24a70000, 0x24a70000)
  from space 512K,   0% used [0x24a70000, 0x24a70000, 0x24af0000)
  to   space 512K,   0% used [0x24af0000, 0x24af0000, 0x24b70000)
 tenured generation   total 10944K, used 0K [0x29b70000, 0x2a620000, 0x34620000)
   the space 10944K,   0% used [0x29b70000, 0x29b70000, 0x29b70200, 0x2a620000)
 compacting perm gen  total 12288K, used 970K [0x34620000, 0x35220000, 0x38620000)
   the space 12288K,   7% used [0x34620000, 0x34712888, 0x34712a00, 0x35220000)
    ro space 10240K,  41% used [0x38620000, 0x38a52050, 0x38a52200, 0x39020000)
    rw space 12288K,  52% used [0x39020000, 0x39666800, 0x39666800, 0x39c20000)
Event: 0.196 GC heap after
Heap after GC invocations=1 (full 0):
 def new generation   total 4928K, used 512K [0x24620000, 0x24b70000, 0x29b70000)
  eden space 4416K,   0% used [0x24620000, 0x24620000, 0x24a70000)
  from space 512K, 100% used [0x24af0000, 0x24b70000, 0x24b70000)
  to   space 512K,   0% used [0x24a70000, 0x24a70000, 0x24af0000)
 tenured generation   total 10944K, used 1529K [0x29b70000, 0x2a620000, 0x34620000)
   the space 10944K,  13% used [0x29b70000, 0x29cee450, 0x29cee600, 0x2a620000)
 compacting perm gen  total 12288K, used 970K [0x34620000, 0x35220000, 0x38620000)
   the space 12288K,   7% used [0x34620000, 0x34712888, 0x34712a00, 0x35220000)
    ro space 10240K,  41% used [0x38620000, 0x38a52050, 0x38a52200, 0x39020000)
    rw space 12288K,  52% used [0x39020000, 0x39666800, 0x39666800, 0x39c20000)
}
Event: 3.306 GC heap before
{Heap before GC invocations=1 (full 0):
 def new generation   total 4928K, used 4928K [0x24620000, 0x24b70000, 0x29b70000)
  eden space 4416K, 100% used [0x24620000, 0x24a70000, 0x24a70000)
  from space 512K, 100% used [0x24af0000, 0x24b70000, 0x24b70000)
  to   space 512K,   0% used [0x24a70000, 0x24a70000, 0x24af0000)
 tenured generation   total 10944K, used 1529K [0x29b70000, 0x2a620000, 0x34620000)
   the space 10944K,  13% used [0x29b70000, 0x29cee450, 0x29cee600, 0x2a620000)
 compacting perm gen  total 12288K, used 2409K [0x34620000, 0x35220000, 0x38620000)
   the space 12288K,  19% used [0x34620000, 0x3487a480, 0x3487a600, 0x35220000)
    ro space 10240K,  41% used [0x38620000, 0x38a52050, 0x38a52200, 0x39020000)
    rw space 12288K,  52% used [0x39020000, 0x39666800, 0x39666800, 0x39c20000)
Event: 3.314 GC heap after
Heap after GC invocations=2 (full 0):
 def new generation   total 4928K, used 512K [0x24620000, 0x24b70000, 0x29b70000)
  eden space 4416K,   0% used [0x24620000, 0x24620000, 0x24a70000)
  from space 512K, 100% used [0x24a70000, 0x24af0000, 0x24af0000)
  to   space 512K,   0% used [0x24af0000, 0x24af0000, 0x24b70000)
 tenured generation   total 10944K, used 4038K [0x29b70000, 0x2a620000, 0x34620000)
   the space 10944K,  36% used [0x29b70000, 0x29f61b78, 0x29f61c00, 0x2a620000)
 compacting perm gen  total 12288K, used 2409K [0x34620000, 0x35220000, 0x38620000)
   the space 12288K,  19% used [0x34620000, 0x3487a480, 0x3487a600, 0x35220000)
    ro space 10240K,  41% used [0x38620000, 0x38a52050, 0x38a52200, 0x39020000)
    rw space 12288K,  52% used [0x39020000, 0x39666800, 0x39666800, 0x39c20000)
}
Event: 7.415 GC heap before
{Heap before GC invocations=2 (full 0):
 def new generation   total 4928K, used 4928K [0x24620000, 0x24b70000, 0x29b70000)
  eden space 4416K, 100% used [0x24620000, 0x24a70000, 0x24a70000)
  from space 512K, 100% used [0x24a70000, 0x24af0000, 0x24af0000)
  to   space 512K,   0% used [0x24af0000, 0x24af0000, 0x24b70000)
 tenured generation   total 10944K, used 4038K [0x29b70000, 0x2a620000, 0x34620000)
   the space 10944K,  36% used [0x29b70000, 0x29f61b78, 0x29f61c00, 0x2a620000)
 compacting perm gen  total 12288K, used 2712K [0x34620000, 0x35220000, 0x38620000)
   the space 12288K,  22% used [0x34620000, 0x348c6170, 0x348c6200, 0x35220000)
    ro space 10240K,  41% used [0x38620000, 0x38a52050, 0x38a52200, 0x39020000)
    rw space 12288K,  52% used [0x39020000, 0x39666800, 0x39666800, 0x39c20000)
Event: 7.420 GC heap after
Heap after GC invocations=3 (full 0):
 def new generation   total 4928K, used 512K [0x24620000, 0x24b70000, 0x29b70000)
  eden space 4416K,   0% used [0x24620000, 0x24620000, 0x24a70000)
  from space 512K, 100% used [0x24af0000, 0x24b70000, 0x24b70000)
  to   space 512K,   0% used [0x24a70000, 0x24a70000, 0x24af0000)
 tenured generation   total 10944K, used 5459K [0x29b70000, 0x2a620000, 0x34620000)
   the space 10944K,  49% used [0x29b70000, 0x2a0c4c30, 0x2a0c4e00, 0x2a620000)
 compacting perm gen  total 12288K, used 2712K [0x34620000, 0x35220000, 0x38620000)
   the space 12288K,  22% used [0x34620000, 0x348c6170, 0x348c6200, 0x35220000)
    ro space 10240K,  41% used [0x38620000, 0x38a52050, 0x38a52200, 0x39020000)
    rw space 12288K,  52% used [0x39020000, 0x39666800, 0x39666800, 0x39c20000)
}
Event: 7.560 GC heap before
{Heap before GC invocations=3 (full 0):
 def new generation   total 4928K, used 4928K [0x24620000, 0x24b70000, 0x29b70000)
  eden space 4416K, 100% used [0x24620000, 0x24a70000, 0x24a70000)
  from space 512K, 100% used [0x24af0000, 0x24b70000, 0x24b70000)
  to   space 512K,   0% used [0x24a70000, 0x24a70000, 0x24af0000)
 tenured generation   total 10944K, used 5459K [0x29b70000, 0x2a620000, 0x34620000)
   the space 10944K,  49% used [0x29b70000, 0x2a0c4c30, 0x2a0c4e00, 0x2a620000)
 compacting perm gen  total 12288K, used 3517K [0x34620000, 0x35220000, 0x38620000)
   the space 12288K,  28% used [0x34620000, 0x3498f6f8, 0x3498f800, 0x35220000)
    ro space 10240K,  41% used [0x38620000, 0x38a52050, 0x38a52200, 0x39020000)
    rw space 12288K,  52% used [0x39020000, 0x39666800, 0x39666800, 0x39c20000)
Event: 7.566 GC heap after
Heap after GC invocations=4 (full 0):
 def new generation   total 4928K, used 512K [0x24620000, 0x24b70000, 0x29b70000)
  eden space 4416K,   0% used [0x24620000, 0x24620000, 0x24a70000)
  from space 512K, 100% used [0x24a70000, 0x24af0000, 0x24af0000)
  to   space 512K,   0% used [0x24af0000, 0x24af0000, 0x24b70000)
 tenured generation   total 10944K, used 6550K [0x29b70000, 0x2a620000, 0x34620000)
   the space 10944K,  59% used [0x29b70000, 0x2a1d5bb0, 0x2a1d5c00, 0x2a620000)
 compacting perm gen  total 12288K, used 3517K [0x34620000, 0x35220000, 0x38620000)
   the space 12288K,  28% used [0x34620000, 0x3498f6f8, 0x3498f800, 0x35220000)
    ro space 10240K,  41% used [0x38620000, 0x38a52050, 0x38a52200, 0x39020000)
    rw space 12288K,  52% used [0x39020000, 0x39666800, 0x39666800, 0x39c20000)
}

Deoptimization events (0 events):
No events

Internal exceptions (10 events):
Event: 7.591 Thread 0x025fe000 Threw 0x246f1728 at C:\re\jdk7u51\527\hotspot\src\share\vm\prims\jvm.cpp:1244
Event: 7.591 Thread 0x025fe000 Threw 0x246f3cf8 at C:\re\jdk7u51\527\hotspot\src\share\vm\prims\jvm.cpp:1244
Event: 7.591 Thread 0x025fe000 Threw 0x246f4ac0 at C:\re\jdk7u51\527\hotspot\src\share\vm\prims\jvm.cpp:1244
Event: 7.591 Thread 0x025fe000 Threw 0x246f7090 at C:\re\jdk7u51\527\hotspot\src\share\vm\prims\jvm.cpp:1244
Event: 7.591 Thread 0x025fe000 Threw 0x246f80c0 at C:\re\jdk7u51\527\hotspot\src\share\vm\prims\jvm.cpp:1244
Event: 7.591 Thread 0x025fe000 Threw 0x246f8d70 at C:\re\jdk7u51\527\hotspot\src\share\vm\prims\jvm.cpp:1244
Event: 7.591 Thread 0x025fe000 Threw 0x246fb6b0 at C:\re\jdk7u51\527\hotspot\src\share\vm\prims\jvm.cpp:1244
Event: 7.592 Thread 0x025fe000 Threw 0x247000e8 at C:\re\jdk7u51\527\hotspot\src\share\vm\prims\jvm.cpp:1244
Event: 7.592 Thread 0x025fe000 Threw 0x24702a28 at C:\re\jdk7u51\527\hotspot\src\share\vm\prims\jvm.cpp:1244
Event: 7.593 Thread 0x025fe000 Threw 0x24705768 at C:\re\jdk7u51\527\hotspot\src\share\vm\interpreter\interpreterRuntime.cpp:362

Events (10 events):
Event: 7.595 Executing VM operation: RevokeBias done
Event: 7.595 Executing VM operation: RevokeBias
Event: 7.595 Executing VM operation: RevokeBias done
Event: 7.596 Executing VM operation: RevokeBias
Event: 7.596 Executing VM operation: RevokeBias done
Event: 7.596 Thread 0x0604b400 Thread added: 0x0604b400
Event: 7.605 Thread 0x0604d000 Thread added: 0x0604d000
Event: 7.605 Executing VM operation: RevokeBias
Event: 7.605 Executing VM operation: RevokeBias done
Event: 7.605 Thread 0x0604b400 Thread exited: 0x0604b400


Dynamic libraries:
0x00bd0000 - 0x00bff000 	C:\Program Files (x86)\Java\jre7\bin\javaw.exe
0x77e20000 - 0x77f88000 	C:\Windows\SYSTEM32\ntdll.dll
0x75fc0000 - 0x76100000 	C:\Windows\SYSTEM32\KERNEL32.DLL
0x75ef0000 - 0x75fbf000 	C:\Windows\SYSTEM32\KERNELBASE.dll
0x746d0000 - 0x74769000 	C:\Windows\system32\apphelp.dll
0x74e50000 - 0x750a9000 	C:\Windows\AppPatch\AcGenral.DLL
0x77820000 - 0x778de000 	C:\Windows\SYSTEM32\msvcrt.dll
0x777e0000 - 0x7781e000 	C:\Windows\SYSTEM32\sechost.dll
0x75850000 - 0x7586d000 	C:\Windows\SYSTEM32\SspiCli.dll
0x77640000 - 0x77681000 	C:\Windows\SYSTEM32\SHLWAPI.dll
0x74900000 - 0x749db000 	C:\Windows\SYSTEM32\UxTheme.dll
0x774a0000 - 0x775ef000 	C:\Windows\SYSTEM32\USER32.dll
0x77a20000 - 0x77b28000 	C:\Windows\SYSTEM32\GDI32.dll
0x74e30000 - 0x74e50000 	C:\Windows\SYSTEM32\WINMM.dll
0x75350000 - 0x75362000 	C:\Windows\SYSTEM32\samcli.dll
0x75cd0000 - 0x75ddc000 	C:\Windows\SYSTEM32\ole32.dll
0x761e0000 - 0x76267000 	C:\Windows\SYSTEM32\OLEAUT32.dll
0x74e10000 - 0x74e25000 	C:\Windows\SYSTEM32\MSACM32.dll
0x752b0000 - 0x752b8000 	C:\Windows\SYSTEM32\VERSION.dll
0x76270000 - 0x7741d000 	C:\Windows\SYSTEM32\SHELL32.dll
0x75380000 - 0x75399000 	C:\Windows\SYSTEM32\USERENV.dll
0x745d0000 - 0x745e8000 	C:\Windows\SYSTEM32\dwmapi.dll
0x74ce0000 - 0x74e02000 	C:\Windows\SYSTEM32\urlmon.dll
0x77420000 - 0x77498000 	C:\Windows\SYSTEM32\ADVAPI32.dll
0x74c80000 - 0x74cde000 	C:\Windows\SYSTEM32\WINSPOOL.DRV
0x74c60000 - 0x74c74000 	C:\Windows\SYSTEM32\MPR.dll
0x77960000 - 0x77a11000 	C:\Windows\SYSTEM32\RPCRT4.dll
0x75840000 - 0x75849000 	C:\Windows\SYSTEM32\CRYPTBASE.dll
0x75980000 - 0x75ace000 	C:\Windows\SYSTEM32\combase.dll
0x74c40000 - 0x74c60000 	C:\Windows\SYSTEM32\WINMMBASE.dll
0x75370000 - 0x7537e000 	C:\Windows\SYSTEM32\profapi.dll
0x753a0000 - 0x755b9000 	C:\Windows\SYSTEM32\iertutil.dll
0x75600000 - 0x757bd000 	C:\Windows\SYSTEM32\WININET.dll
0x757e0000 - 0x75833000 	C:\Windows\SYSTEM32\bcryptPrimitives.dll
0x758a0000 - 0x758da000 	C:\Windows\SYSTEM32\cfgmgr32.dll
0x74c20000 - 0x74c3f000 	C:\Windows\SYSTEM32\DEVOBJ.dll
0x752c0000 - 0x75336000 	C:\Windows\SYSTEM32\SHCORE.DLL
0x75870000 - 0x75895000 	C:\Windows\system32\IMM32.DLL
0x75de0000 - 0x75ed7000 	C:\Windows\SYSTEM32\MSCTF.dll
0x743e0000 - 0x745c6000 	C:\Windows\WinSxS\x86_microsoft.windows.common-controls_6595b64144ccf1df_6.0.9600.17031_none_a9efdb8b01377ea7\COMCTL32.dll
0x658e0000 - 0x6599f000 	C:\Program Files (x86)\Java\jre7\bin\msvcr100.dll
0x66a70000 - 0x66df0000 	C:\Program Files (x86)\Java\jre7\bin\client\jvm.dll
0x69ac0000 - 0x69ac8000 	C:\Windows\SYSTEM32\WSOCK32.dll
0x77630000 - 0x77636000 	C:\Windows\SYSTEM32\PSAPI.DLL
0x76190000 - 0x761dd000 	C:\Windows\SYSTEM32\WS2_32.dll
0x75ee0000 - 0x75ee7000 	C:\Windows\SYSTEM32\NSI.dll
0x66a60000 - 0x66a6c000 	C:\Program Files (x86)\Java\jre7\bin\verify.dll
0x66a40000 - 0x66a60000 	C:\Program Files (x86)\Java\jre7\bin\java.dll
0x66a20000 - 0x66a33000 	C:\Program Files (x86)\Java\jre7\bin\zip.dll
0x667a0000 - 0x668e3000 	C:\Program Files (x86)\Java\jre7\bin\awt.dll
0x752a0000 - 0x752a9000 	C:\Windows\SYSTEM32\kernel.appcore.dll
0x658a0000 - 0x658d9000 	C:\Program Files (x86)\Java\jre7\bin\fontmanager.dll
0x65880000 - 0x65894000 	C:\Program Files (x86)\Java\jre7\bin\net.dll
0x73f70000 - 0x73fb5000 	C:\Windows\system32\mswsock.dll
0x65120000 - 0x6512f000 	C:\Program Files (x86)\Java\jre7\bin\nio.dll
0x650f0000 - 0x65120000 	C:\Program Files (x86)\Java\jre7\bin\t2k.dll
0x650c0000 - 0x650e4000 	C:\Program Files (x86)\Java\jre7\bin\dcpr.dll
0x758f0000 - 0x75976000 	C:\Windows\WinSxS\x86_microsoft.windows.common-controls_6595b64144ccf1df_5.82.9600.16384_none_7c55c866aa0c3ff0\comctl32.dll
0x77ba0000 - 0x77d4d000 	C:\Windows\SYSTEM32\SETUPAPI.dll
0x75ad0000 - 0x75b4d000 	C:\Windows\SYSTEM32\clbcatq.dll
0x74290000 - 0x743b3000 	C:\Windows\system32\propsys.dll
0x57980000 - 0x57b19000 	C:\Windows\system32\NetworkExplorer.dll
0x650a0000 - 0x650be000 	C:\Windows\System32\IDStore.dll
0x4ce70000 - 0x4ce83000 	C:\Windows\System32\SAMLIB.dll
0x65040000 - 0x6509e000 	C:\Windows\System32\wlidprov.dll
0x6c3a0000 - 0x6c3a9000 	C:\Windows\System32\drprov.dll
0x6e290000 - 0x6e2d2000 	C:\Windows\System32\WINSTA.dll
0x56ce0000 - 0x56cf1000 	C:\Windows\System32\ntlanman.dll
0x56cc0000 - 0x56cd9000 	C:\Windows\System32\davclnt.dll
0x56cb0000 - 0x56cb9000 	C:\Windows\System32\DAVHLPR.dll
0x755c0000 - 0x755d0000 	C:\Windows\System32\wkscli.dll
0x748f0000 - 0x748fd000 	C:\Windows\SYSTEM32\cscapi.dll
0x755f0000 - 0x755fa000 	C:\Windows\System32\netutils.dll
0x6e220000 - 0x6e286000 	C:\Windows\SYSTEM32\dlnashext.dll
0x65000000 - 0x65035000 	C:\Windows\System32\PlayToDevice.dll
0x751c0000 - 0x751d8000 	C:\Windows\SYSTEM32\CRYPTSP.dll
0x75190000 - 0x751bf000 	C:\Windows\system32\rsaenh.dll
0x75170000 - 0x7518d000 	C:\Windows\SYSTEM32\bcrypt.dll
0x6d4a0000 - 0x6d4b8000 	C:\Windows\System32\DevDispItemProvider.dll
0x6d2c0000 - 0x6d499000 	C:\Windows\system32\wpdshext.dll
0x6d170000 - 0x6d2bd000 	C:\Windows\WinSxS\x86_microsoft.windows.gdiplus_6595b64144ccf1df_1.1.9600.17056_none_dadc5d1c5bc8ab48\gdiplus.dll
0x64eb0000 - 0x64f34000 	C:\Windows\SYSTEM32\PortableDeviceApi.dll
0x775f0000 - 0x77628000 	C:\Windows\SYSTEM32\WINTRUST.dll
0x75b50000 - 0x75ccf000 	C:\Windows\SYSTEM32\CRYPT32.dll
0x77b90000 - 0x77b9e000 	C:\Windows\SYSTEM32\MSASN1.dll
0x64fc0000 - 0x64ffc000 	C:\Windows\system32\audiodev.dll
0x0f2d0000 - 0x0f509000 	C:\Windows\system32\WMVCore.DLL
0x64e70000 - 0x64ea6000 	C:\Windows\system32\WMASF.DLL
0x67f60000 - 0x67f6a000 	C:\Windows\SYSTEM32\LINKINFO.dll
0x5db00000 - 0x5dc4d000 	C:\Windows\SYSTEM32\WindowsCodecs.dll
0x10000000 - 0x10015000 	C:\Windows\System32\jmutil.dll
0x06f90000 - 0x06f9b000 	C:\Windows\System32\jmvcm.dll
0x64f90000 - 0x64fb2000 	C:\Windows\SYSTEM32\MSVFW32.dll
0x07300000 - 0x07308000 	C:\Windows\System32\jmddraw.dll
0x54360000 - 0x54447000 	C:\Windows\SYSTEM32\DDRAW.dll
0x5abd0000 - 0x5abd7000 	C:\Windows\SYSTEM32\DCIMAN32.dll
0x6f010000 - 0x6faaa000 	C:\Windows\SYSTEM32\igdumd32.dll
0x74770000 - 0x748b8000 	C:\Windows\SYSTEM32\dbghelp.dll
0x078d0000 - 0x078f4000 	C:\Windows\System32\jmjpeg.dll

VM Arguments:
jvm_args: -Dfile.encoding=Cp1256 -Xbootclasspath:C:\Program Files (x86)\Java\jre7\lib\resources.jar;C:\Program Files (x86)\Java\jre7\lib\rt.jar;C:\Program Files (x86)\Java\jre7\lib\jsse.jar;C:\Program Files (x86)\Java\jre7\lib\jce.jar;C:\Program Files (x86)\Java\jre7\lib\charsets.jar;C:\Program Files (x86)\Java\jre7\lib\jfr.jar 
java_command: dz.nouri.main.MainClass
Launcher Type: SUN_STANDARD

Environment Variables:
JAVA_HOME=C:\Program Files (x86)\Java\jdk1.7.0_45
CLASSPATH=.;.;C:\PROGRA~2\JMF21~1.1E\lib\sound.jar;C:\PROGRA~2\JMF21~1.1E\lib\jmf.jar;C:\PROGRA~2\JMF21~1.1E\lib;
PATH=C:/Program Files (x86)/Java/jdk1.7.0_45/bin/../jre/bin/client;C:/Program Files (x86)/Java/jdk1.7.0_45/bin/../jre/bin;C:/Program Files (x86)/Java/jdk1.7.0_45/bin/../jre/lib/i386;C:\Users\BilalDjago\introcs\java\bin;C:\Windows\system32;C:\Windows;C:\Windows\System32\Wbem;C:\Windows\System32\WindowsPowerShell\v1.0\;F:\Software\Dev Tools\maven\apache-maven-3.0.5-bin\apache-maven-3.0.5\bin;C:\Program Files\Microsoft SQL Server\110\Tools\Binn\;C:\MinGW\bin;F:\Software\Dev Tools\maven\apache-maven-3.0.5\bin;f:\Downloads\scala-2.10.2\bin;C:\Program Files (x86)\MiKTeX 2.9\miktex\bin\;C:\Program Files (x86)\Java\jdk1.7.0_45\bin;C:\glassfish4\bin;C:\xampp\mysql\bin;C:\HashiCorp\Vagrant\bin;C:\HashiCorp\Vagrant\bin;C:\Users\BilalDjago\introcs\j3d\bin;C:\Users\BilalDjago\introcs\bin;C:\Users\BilalDjago\introcs\java\bin;C:\RailsInstaller\Git\cmd;C:\RailsInstaller\Ruby1.9.3\bin;C:\Ruby200-x64\bin;F:\Programmation\Eclipse-Kepler;
USERNAME=BilalDjago
OS=Windows_NT
PROCESSOR_IDENTIFIER=Intel64 Family 6 Model 42 Stepping 7, GenuineIntel



---------------  S Y S T E M  ---------------

OS: Windows 8 , 64 bit Build 9200 

CPU:total 4 (2 cores per cpu, 2 threads per core) family 6 model 42 stepping 7, cmov, cx8, fxsr, mmx, sse, sse2, sse3, ssse3, sse4.1, sse4.2, popcnt, avx, aes, ht, tsc, tscinvbit

Memory: 4k page, physical 4100372k(1191612k free), swap 8818964k(2580904k free)

vm_info: Java HotSpot(TM) Client VM (24.51-b03) for windows-x86 JRE (1.7.0_51-b13), built on Dec 18 2013 19:09:58 by "java_re" with unknown MS VC++:1600

time: Tue Jun 03 15:06:49 2014
elapsed time: 7 seconds

